<?xml version="1.0" encoding="utf-8"?><testsuites name="pytest tests"><testsuite name="pytest" errors="0" failures="0" skipped="0" tests="24" time="22.481" timestamp="2026-03-25T09:38:11.188030+00:00" hostname="agent-env-0012f79d-b630-4489-95a1-a29670e60ad8"><testcase classname="tests.test_admin_seo_platform.TestHealthCheck" name="test_api_root" time="1.174" /><testcase classname="tests.test_admin_seo_platform.TestAdminLogin" name="test_admin_login_success" time="0.668" /><testcase classname="tests.test_admin_seo_platform.TestAdminLogin" name="test_admin_login_invalid_password" time="0.687" /><testcase classname="tests.test_admin_seo_platform.TestAdminAnalytics" name="test_analytics_overview_with_auth" time="0.915" /><testcase classname="tests.test_admin_seo_platform.TestAdminAnalytics" name="test_analytics_overview_without_auth" time="0.657" /><testcase classname="tests.test_admin_seo_platform.TestAdminBlogManagement" name="test_get_all_blogs" time="0.671" /><testcase classname="tests.test_admin_seo_platform.TestAdminBlogManagement" name="test_create_blog" time="1.341" /><testcase classname="tests.test_admin_seo_platform.TestAdminBlogManagement" name="test_update_blog" time="1.389" /><testcase classname="tests.test_admin_seo_platform.TestAdminBlogManagement" name="test_publish_blog" time="0.655" /><testcase classname="tests.test_admin_seo_platform.TestAdminBlogManagement" name="test_delete_blog" time="2.031" /><testcase classname="tests.test_admin_seo_platform.TestAdminLocationManagement" name="test_get_all_locations" time="0.687" /><testcase classname="tests.test_admin_seo_platform.TestAdminLocationManagement" name="test_create_location" time="1.373" /><testcase classname="tests.test_admin_seo_platform.TestAdminLocationManagement" name="test_update_location" time="1.323" /><testcase classname="tests.test_admin_seo_platform.TestAdminLocationManagement" name="test_delete_location" time="2.027" /><testcase classname="tests.test_admin_seo_platform.TestAdminOrders" name="test_get_all_orders" time="0.673" /><testcase classname="tests.test_admin_seo_platform.TestAdminOrders" name="test_orders_without_auth" time="0.683" /><testcase classname="tests.test_admin_seo_platform.TestPublicBlogAPI" name="test_get_published_blogs" time="0.662" /><testcase classname="tests.test_admin_seo_platform.TestPublicLocationAPI" name="test_get_location_state" time="0.680" /><testcase classname="tests.test_admin_seo_platform.TestPublicLocationAPI" name="test_get_location_city" time="0.696" /><testcase classname="tests.test_admin_seo_platform.TestI18nAPI" name="test_get_supported_languages" time="0.683" /><testcase classname="tests.test_admin_seo_platform.TestI18nAPI" name="test_get_english_translations" time="0.696" /><testcase classname="tests.test_admin_seo_platform.TestI18nAPI" name="test_get_hindi_translations" time="0.655" /><testcase classname="tests.test_admin_seo_platform.TestI18nAPI" name="test_unsupported_language" time="0.681" /><testcase classname="tests.test_admin_seo_platform.TestI18nAPI" name="test_single_translation" time="0.691" /></testsuite></testsuites>