<?xml version="1.0" encoding="utf-8"?><testsuites name="pytest tests"><testsuite name="pytest" errors="0" failures="10" skipped="0" tests="25" time="19.957" timestamp="2026-03-25T12:51:56.709105+00:00" hostname="agent-env-65997ce9-e344-4cf3-9a64-70b669db33fd"><testcase classname="backend.tests.test_api.TestHealthAndBasicEndpoints" name="test_root_endpoint" time="1.162" /><testcase classname="backend.tests.test_api.TestBlogEndpoints" name="test_get_all_blogs" time="0.939" /><testcase classname="backend.tests.test_api.TestBlogEndpoints" name="test_get_blog_by_slug" time="1.462" /><testcase classname="backend.tests.test_api.TestBlogEndpoints" name="test_get_nonexistent_blog" time="0.711" /><testcase classname="backend.tests.test_api.TestConsultationEndpoints" name="test_get_consultation_questions" time="0.687" /><testcase classname="backend.tests.test_api.TestConsultationEndpoints" name="test_get_consultation_questions_hindi" time="0.715" /><testcase classname="backend.tests.test_api.TestConsultationEndpoints" name="test_get_consultation_labels" time="0.750" /><testcase classname="backend.tests.test_api.TestConsultationEndpoints" name="test_submit_consultation" time="0.698"><failure message="assert 422 == 200&#10; +  where 422 = &lt;Response [422]&gt;.status_code">backend/tests/test_api.py:107: in test_submit_consultation
    assert response.status_code == 200
E   assert 422 == 200
E    +  where 422 = &lt;Response [422]&gt;.status_code</failure></testcase><testcase classname="backend.tests.test_api.TestConsultationEndpoints" name="test_track_consultation_event" time="0.693" /><testcase classname="backend.tests.test_api.TestOrderEndpoints" name="test_create_order_cod" time="0.735"><failure message="assert 422 == 200&#10; +  where 422 = &lt;Response [422]&gt;.status_code">backend/tests/test_api.py:144: in test_create_order_cod
    assert response.status_code == 200
E   assert 422 == 200
E    +  where 422 = &lt;Response [422]&gt;.status_code</failure></testcase><testcase classname="backend.tests.test_api.TestOrderEndpoints" name="test_get_orders" time="0.716" /><testcase classname="backend.tests.test_api.TestOrderEndpoints" name="test_get_recent_orders" time="0.733"><failure message="AssertionError: assert False&#10; +  where False = isinstance({'count': 60}, list)">backend/tests/test_api.py:163: in test_get_recent_orders
    assert isinstance(data, list)
E   AssertionError: assert False
E    +  where False = isinstance({'count': 60}, list)</failure></testcase><testcase classname="backend.tests.test_api.TestAnalyticsEndpoints" name="test_track_visit" time="0.732"><failure message="assert 422 == 200&#10; +  where 422 = &lt;Response [422]&gt;.status_code">backend/tests/test_api.py:179: in test_track_visit
    assert response.status_code == 200
E   assert 422 == 200
E    +  where 422 = &lt;Response [422]&gt;.status_code</failure></testcase><testcase classname="backend.tests.test_api.TestAnalyticsEndpoints" name="test_get_live_visitors" time="0.734"><failure message="AssertionError: assert 'count' in {'by_page': {}, 'total_live_visitors': 0}">backend/tests/test_api.py:187: in test_get_live_visitors
    assert "count" in data
E   AssertionError: assert 'count' in {'by_page': {}, 'total_live_visitors': 0}</failure></testcase><testcase classname="backend.tests.test_api.TestAnalyticsEndpoints" name="test_get_admin_analytics_live" time="0.766"><failure message="assert 401 == 200&#10; +  where 401 = &lt;Response [401]&gt;.status_code">backend/tests/test_api.py:193: in test_get_admin_analytics_live
    assert response.status_code == 200
E   assert 401 == 200
E    +  where 401 = &lt;Response [401]&gt;.status_code</failure></testcase><testcase classname="backend.tests.test_api.TestAnalyticsEndpoints" name="test_get_admin_analytics_pages" time="0.717"><failure message="assert 401 == 200&#10; +  where 401 = &lt;Response [401]&gt;.status_code">backend/tests/test_api.py:201: in test_get_admin_analytics_pages
    assert response.status_code == 200
E   assert 401 == 200
E    +  where 401 = &lt;Response [401]&gt;.status_code</failure></testcase><testcase classname="backend.tests.test_api.TestAnalyticsEndpoints" name="test_get_admin_analytics_leads" time="0.700"><failure message="assert 401 == 200&#10; +  where 401 = &lt;Response [401]&gt;.status_code">backend/tests/test_api.py:209: in test_get_admin_analytics_leads
    assert response.status_code == 200
E   assert 401 == 200
E    +  where 401 = &lt;Response [401]&gt;.status_code</failure></testcase><testcase classname="backend.tests.test_api.TestLeadsEndpoints" name="test_claim_discount" time="0.760" /><testcase classname="backend.tests.test_api.TestLeadsEndpoints" name="test_validate_discount" time="0.733"><failure message="assert 422 == 200&#10; +  where 422 = &lt;Response [422]&gt;.status_code">backend/tests/test_api.py:235: in test_validate_discount
    assert response.status_code == 200
E   assert 422 == 200
E    +  where 422 = &lt;Response [422]&gt;.status_code</failure></testcase><testcase classname="backend.tests.test_api.TestAdminEndpoints" name="test_admin_login_success" time="0.730" /><testcase classname="backend.tests.test_api.TestAdminEndpoints" name="test_admin_login_failure" time="0.746" /><testcase classname="backend.tests.test_api.TestRecentPurchases" name="test_get_recent_purchases" time="0.995" /><testcase classname="backend.tests.test_api.TestPincodeAPI" name="test_pincode_lookup" time="0.732" /><testcase classname="backend.tests.test_api.TestSearchAPI" name="test_search_blogs" time="0.748"><failure message="assert 'blogs' in [{'category': 'celebrity', 'content': &quot;&lt;h2&gt;Discover the Secrets Behind Bollywood's Timeless Glamour&lt;/h2&gt;\n&lt;p&gt;Ever wondered how our Bollywood divas manage to look fresh and youthful on the silver screen &lt;em&gt;all the time&lt;/em&gt;? Well, I have some insider secrets just for you! In this article, we'll explore tried-and-tested beauty tips from your favorite stars and how you can incorporate them into your routine.&lt;/p&gt;\n\n&lt;h3&gt;Why Bollywood Skin Care Inspires Us&lt;/h3&gt;\n&lt;p&gt;From &lt;strong&gt;Aishwarya Rai Bachchan's&lt;/strong&gt; ethereal glow to &lt;strong&gt;Priyanka Chopra's&lt;/strong&gt; flawless complexion, Bollywood stars set the bar high for beauty standards in India. In between their tight shooting schedules and public appearances, maintaining youthful skin isn't just a personal choice; it's a necessity.&lt;/p&gt;\n\n&lt;h2&gt;Top Bollywood Anti-Aging Tips&lt;/h2&gt;\n&lt;p&gt;Let's get into some easy-to-follow, practical tips that these celebrities swear by.&lt;/p&gt;\n\n&lt;h3&gt;1. Nourishing Diet&lt;/h3&gt;\n&lt;ul&gt;\n&lt;li&gt;Most stars advocate for a balanced diet rich in antioxidants. Think vibrant veggies and fruits like spinach and berries.&lt;/li&gt;\n&lt;li&gt;Guzzle down water like it's your best friend. Hydration is key!&lt;/li&gt;\n&lt;/ul&gt;\n\n&lt;h3&gt;2. Consistent ...l&gt;\n&lt;p&gt;By incorporating an anti-aging serum like &lt;strong&gt;Celesta Glow&lt;/strong&gt; into your routine, you not only enhance your skin's health but also nurture it for the long run.&lt;/p&gt;\n\n&lt;h3&gt;Natural Ways to Support Serum Benefits&lt;/h3&gt;\n&lt;p&gt;Lastly, don't forget that natural lifestyle changes can enhance serum benefits:&lt;/p&gt;\n&lt;ul&gt;\n&lt;li&gt;Drink plenty of water.&lt;/li&gt;\n&lt;li&gt;Eat a balanced diet with plenty of fruits and vegetables.&lt;/li&gt;\n&lt;li&gt;Get regular exercise to increase blood circulation.&lt;/li&gt;\n&lt;li&gt;Avoid excessive sun exposure and always wear sunscreen.&lt;/li&gt;\n&lt;/ul&gt;\n&lt;p&gt;Think of serums as your skin’s best friends, ready to provide their magic touch whenever needed.&lt;/p&gt;\n\n&lt;h3&gt;Final Thoughts&lt;/h3&gt;\n&lt;p&gt;So, beauties, the science behind anti-aging serums is no less than a modern skincare marvel! They are a blend of powerful ingredients working in harmony to give us that flawless, youthful skin we all dream about. If you haven’t tried one yet, consider adding &lt;strong&gt;Celesta Glow Serum&lt;/strong&gt; to your beauty arsenal—it might just be the glow-up you've been waiting for!&lt;/p&gt;\n&lt;p&gt;Chat soon, and stay radiant!&lt;/p&gt;&quot;, 'created_at': '2026-03-25T10:59:51.089013+00:00', 'generated_by': 'AI-Auto', ...}, ...]">backend/tests/test_api.py:293: in test_search_blogs
    assert "blogs" in data
E   assert 'blogs' in [{'category': 'celebrity', 'content': "&lt;h2&gt;Discover the Secrets Behind Bollywood's Timeless Glamour&lt;/h2&gt;\n&lt;p&gt;Ever wondered how our Bollywood divas manage to look fresh and youthful on the silver screen &lt;em&gt;all the time&lt;/em&gt;? Well, I have some insider secrets just for you! In this article, we'll explore tried-and-tested beauty tips from your favorite stars and how you can incorporate them into your routine.&lt;/p&gt;\n\n&lt;h3&gt;Why Bollywood Skin Care Inspires Us&lt;/h3&gt;\n&lt;p&gt;From &lt;strong&gt;Aishwarya Rai Bachchan's&lt;/strong&gt; ethereal glow to &lt;strong&gt;Priyanka Chopra's&lt;/strong&gt; flawless complexion, Bollywood stars set the bar high for beauty standards in India. In between their tight shooting schedules and public appearances, maintaining youthful skin isn't just a personal choice; it's a necessity.&lt;/p&gt;\n\n&lt;h2&gt;Top Bollywood Anti-Aging Tips&lt;/h2&gt;\n&lt;p&gt;Let's get into some easy-to-follow, practical tips that these celebrities swear by.&lt;/p&gt;\n\n&lt;h3&gt;1. Nourishing Diet&lt;/h3&gt;\n&lt;ul&gt;\n&lt;li&gt;Most stars advocate for a balanced diet rich in antioxidants. Think vibrant veggies and fruits like spinach and berries.&lt;/li&gt;\n&lt;li&gt;Guzzle down water like it's your best friend. Hydration is key!&lt;/li&gt;\n&lt;/ul&gt;\n\n&lt;h3&gt;2. Consistent ...l&gt;\n&lt;p&gt;By incorporating an anti-aging serum like &lt;strong&gt;Celesta Glow&lt;/strong&gt; into your routine, you not only enhance your skin's health but also nurture it for the long run.&lt;/p&gt;\n\n&lt;h3&gt;Natural Ways to Support Serum Benefits&lt;/h3&gt;\n&lt;p&gt;Lastly, don't forget that natural lifestyle changes can enhance serum benefits:&lt;/p&gt;\n&lt;ul&gt;\n&lt;li&gt;Drink plenty of water.&lt;/li&gt;\n&lt;li&gt;Eat a balanced diet with plenty of fruits and vegetables.&lt;/li&gt;\n&lt;li&gt;Get regular exercise to increase blood circulation.&lt;/li&gt;\n&lt;li&gt;Avoid excessive sun exposure and always wear sunscreen.&lt;/li&gt;\n&lt;/ul&gt;\n&lt;p&gt;Think of serums as your skin’s best friends, ready to provide their magic touch whenever needed.&lt;/p&gt;\n\n&lt;h3&gt;Final Thoughts&lt;/h3&gt;\n&lt;p&gt;So, beauties, the science behind anti-aging serums is no less than a modern skincare marvel! They are a blend of powerful ingredients working in harmony to give us that flawless, youthful skin we all dream about. If you haven’t tried one yet, consider adding &lt;strong&gt;Celesta Glow Serum&lt;/strong&gt; to your beauty arsenal—it might just be the glow-up you've been waiting for!&lt;/p&gt;\n&lt;p&gt;Chat soon, and stay radiant!&lt;/p&gt;", 'created_at': '2026-03-25T10:59:51.089013+00:00', 'generated_by': 'AI-Auto', ...}, ...]</failure></testcase><testcase classname="backend.tests.test_api.TestLocationAPI" name="test_get_location_by_state" time="0.731" /></testsuite></testsuites>